<?xml version="1.0" encoding="UTF-8"?>
<testsuite xmlns:xsi="http://www.w3.org/2001/XMLSchema-instance" xsi:noNamespaceSchemaLocation="https://maven.apache.org/surefire/maven-surefire-plugin/xsd/surefire-test-report-3.0.xsd" version="3.0" name="TestSuite" time="12.244" tests="1" errors="0" skipped="0" failures="0">
  <properties>
    <property name="gopherProxySet" value="false"/>
    <property name="awt.toolkit" value="sun.lwawt.macosx.LWCToolkit"/>
    <property name="java.specification.version" value="11"/>
    <property name="sun.cpu.isalist" value=""/>
    <property name="sun.jnu.encoding" value="UTF-8"/>
    <property name="java.class.path" value="/Users/emrahaykat/Desktop/OMS/CITest/target/test-classes:/Users/emrahaykat/Desktop/OMS/CITest/target/classes:/Users/emrahaykat/.m2/repository/org/seleniumhq/selenium/selenium-java/3.141.59/selenium-java-3.141.59.jar:/Users/emrahaykat/.m2/repository/org/seleniumhq/selenium/selenium-api/3.141.59/selenium-api-3.141.59.jar:/Users/emrahaykat/.m2/repository/org/seleniumhq/selenium/selenium-edge-driver/3.141.59/selenium-edge-driver-3.141.59.jar:/Users/emrahaykat/.m2/repository/org/seleniumhq/selenium/selenium-firefox-driver/3.141.59/selenium-firefox-driver-3.141.59.jar:/Users/emrahaykat/.m2/repository/org/seleniumhq/selenium/selenium-ie-driver/3.141.59/selenium-ie-driver-3.141.59.jar:/Users/emrahaykat/.m2/repository/org/seleniumhq/selenium/selenium-opera-driver/3.141.59/selenium-opera-driver-3.141.59.jar:/Users/emrahaykat/.m2/repository/org/seleniumhq/selenium/selenium-safari-driver/3.141.59/selenium-safari-driver-3.141.59.jar:/Users/emrahaykat/.m2/repository/org/seleniumhq/selenium/selenium-support/3.141.59/selenium-support-3.141.59.jar:/Users/emrahaykat/.m2/repository/net/bytebuddy/byte-buddy/1.8.15/byte-buddy-1.8.15.jar:/Users/emrahaykat/.m2/repository/org/apache/commons/commons-exec/1.3/commons-exec-1.3.jar:/Users/emrahaykat/.m2/repository/com/google/guava/guava/25.0-jre/guava-25.0-jre.jar:/Users/emrahaykat/.m2/repository/com/google/code/findbugs/jsr305/1.3.9/jsr305-1.3.9.jar:/Users/emrahaykat/.m2/repository/org/checkerframework/checker-compat-qual/2.0.0/checker-compat-qual-2.0.0.jar:/Users/emrahaykat/.m2/repository/com/google/errorprone/error_prone_annotations/2.1.3/error_prone_annotations-2.1.3.jar:/Users/emrahaykat/.m2/repository/com/google/j2objc/j2objc-annotations/1.1/j2objc-annotations-1.1.jar:/Users/emrahaykat/.m2/repository/org/codehaus/mojo/animal-sniffer-annotations/1.14/animal-sniffer-annotations-1.14.jar:/Users/emrahaykat/.m2/repository/com/squareup/okhttp3/okhttp/3.11.0/okhttp-3.11.0.jar:/Users/emrahaykat/.m2/repository/com/squareup/okio/okio/1.14.0/okio-1.14.0.jar:/Users/emrahaykat/.m2/repository/org/testng/testng/6.14.3/testng-6.14.3.jar:/Users/emrahaykat/.m2/repository/com/beust/jcommander/1.72/jcommander-1.72.jar:/Users/emrahaykat/.m2/repository/org/apache-extras/beanshell/bsh/2.0b6/bsh-2.0b6.jar:/Users/emrahaykat/.m2/repository/org/seleniumhq/selenium/selenium-chrome-driver/3.14.0/selenium-chrome-driver-3.14.0.jar:/Users/emrahaykat/.m2/repository/commons-codec/commons-codec/1.10/commons-codec-1.10.jar:/Users/emrahaykat/.m2/repository/commons-logging/commons-logging/1.2/commons-logging-1.2.jar:/Users/emrahaykat/.m2/repository/org/apache/httpcomponents/httpclient/4.5.5/httpclient-4.5.5.jar:/Users/emrahaykat/.m2/repository/org/apache/httpcomponents/httpcore/4.4.9/httpcore-4.4.9.jar:/Users/emrahaykat/.m2/repository/org/seleniumhq/selenium/selenium-remote-driver/3.141.59/selenium-remote-driver-3.141.59.jar:/Users/emrahaykat/.m2/repository/io/magentys/donut/0.0.4/donut-0.0.4.jar:/Users/emrahaykat/.m2/repository/org/scala-lang/scala-library/2.11.7/scala-library-2.11.7.jar:/Users/emrahaykat/.m2/repository/ch/qos/logback/logback-classic/1.1.2/logback-classic-1.1.2.jar:/Users/emrahaykat/.m2/repository/ch/qos/logback/logback-core/1.1.2/logback-core-1.1.2.jar:/Users/emrahaykat/.m2/repository/org/slf4j/slf4j-api/1.7.6/slf4j-api-1.7.6.jar:/Users/emrahaykat/.m2/repository/org/apache/commons/commons-lang3/3.4/commons-lang3-3.4.jar:/Users/emrahaykat/.m2/repository/net/sourceforge/htmlcleaner/htmlcleaner/2.15/htmlcleaner-2.15.jar:/Users/emrahaykat/.m2/repository/org/jdom/jdom2/2.0.5/jdom2-2.0.5.jar:/Users/emrahaykat/.m2/repository/com/github/nscala-time/nscala-time_2.11/1.8.0/nscala-time_2.11-1.8.0.jar:/Users/emrahaykat/.m2/repository/joda-time/joda-time/2.7/joda-time-2.7.jar:/Users/emrahaykat/.m2/repository/org/joda/joda-convert/1.2/joda-convert-1.2.jar:/Users/emrahaykat/.m2/repository/org/json4s/json4s-native_2.11/3.3.0/json4s-native_2.11-3.3.0.jar:/Users/emrahaykat/.m2/repository/org/json4s/json4s-core_2.11/3.3.0/json4s-core_2.11-3.3.0.jar:/Users/emrahaykat/.m2/repository/org/json4s/json4s-ast_2.11/3.3.0/json4s-ast_2.11-3.3.0.jar:/Users/emrahaykat/.m2/repository/org/json4s/json4s-scalap_2.11/3.3.0/json4s-scalap_2.11-3.3.0.jar:/Users/emrahaykat/.m2/repository/com/thoughtworks/paranamer/paranamer/2.8/paranamer-2.8.jar:/Users/emrahaykat/.m2/repository/org/scala-lang/modules/scala-xml_2.11/1.0.5/scala-xml_2.11-1.0.5.jar:/Users/emrahaykat/.m2/repository/org/json4s/json4s-jackson_2.11/3.2.11/json4s-jackson_2.11-3.2.11.jar:/Users/emrahaykat/.m2/repository/com/fasterxml/jackson/core/jackson-databind/2.3.1/jackson-databind-2.3.1.jar:/Users/emrahaykat/.m2/repository/com/fasterxml/jackson/core/jackson-annotations/2.3.0/jackson-annotations-2.3.0.jar:/Users/emrahaykat/.m2/repository/com/fasterxml/jackson/core/jackson-core/2.3.1/jackson-core-2.3.1.jar:/Users/emrahaykat/.m2/repository/com/gilt/handlebars-scala_2.11/2.1.1/handlebars-scala_2.11-2.1.1.jar:/Users/emrahaykat/.m2/repository/org/slf4j/slf4j-simple/1.6.4/slf4j-simple-1.6.4.jar:/Users/emrahaykat/.m2/repository/org/scala-lang/modules/scala-parser-combinators_2.11/1.0.1/scala-parser-combinators_2.11-1.0.1.jar:/Users/emrahaykat/.m2/repository/io/dropwizard/metrics/metrics-core/3.1.2/metrics-core-3.1.2.jar:/Users/emrahaykat/.m2/repository/com/github/scopt/scopt_2.11/3.3.0/scopt_2.11-3.3.0.jar:/Users/emrahaykat/.m2/repository/commons-io/commons-io/2.6/commons-io-2.6.jar:"/>
    <property name="java.vm.vendor" value="Oracle Corporation"/>
    <property name="sun.arch.data.model" value="64"/>
    <property name="java.vendor.url" value="http://java.oracle.com/"/>
    <property name="user.timezone" value=""/>
    <property name="java.vm.specification.version" value="11"/>
    <property name="os.name" value="Mac OS X"/>
    <property name="sun.java.launcher" value="SUN_STANDARD"/>
    <property name="user.country" value="TR"/>
    <property name="sun.boot.library.path" value="/Library/Java/JavaVirtualMachines/openjdk-11.0.2.jdk/Contents/Home/lib"/>
    <property name="sun.java.command" value="/Users/emrahaykat/Desktop/OMS/CITest/target/surefire/surefirebooter12204219116887438044.jar /Users/emrahaykat/Desktop/OMS/CITest/target/surefire 2020-09-07T00-01-14_762-jvmRun1 surefire16501064890304896079tmp surefire_08223788323114559009tmp"/>
    <property name="http.nonProxyHosts" value="local|*.local|169.254/16|*.169.254/16"/>
    <property name="jdk.debug" value="release"/>
    <property name="surefire.test.class.path" value="/Users/emrahaykat/Desktop/OMS/CITest/target/test-classes:/Users/emrahaykat/Desktop/OMS/CITest/target/classes:/Users/emrahaykat/.m2/repository/org/seleniumhq/selenium/selenium-java/3.141.59/selenium-java-3.141.59.jar:/Users/emrahaykat/.m2/repository/org/seleniumhq/selenium/selenium-api/3.141.59/selenium-api-3.141.59.jar:/Users/emrahaykat/.m2/repository/org/seleniumhq/selenium/selenium-edge-driver/3.141.59/selenium-edge-driver-3.141.59.jar:/Users/emrahaykat/.m2/repository/org/seleniumhq/selenium/selenium-firefox-driver/3.141.59/selenium-firefox-driver-3.141.59.jar:/Users/emrahaykat/.m2/repository/org/seleniumhq/selenium/selenium-ie-driver/3.141.59/selenium-ie-driver-3.141.59.jar:/Users/emrahaykat/.m2/repository/org/seleniumhq/selenium/selenium-opera-driver/3.141.59/selenium-opera-driver-3.141.59.jar:/Users/emrahaykat/.m2/repository/org/seleniumhq/selenium/selenium-safari-driver/3.141.59/selenium-safari-driver-3.141.59.jar:/Users/emrahaykat/.m2/repository/org/seleniumhq/selenium/selenium-support/3.141.59/selenium-support-3.141.59.jar:/Users/emrahaykat/.m2/repository/net/bytebuddy/byte-buddy/1.8.15/byte-buddy-1.8.15.jar:/Users/emrahaykat/.m2/repository/org/apache/commons/commons-exec/1.3/commons-exec-1.3.jar:/Users/emrahaykat/.m2/repository/com/google/guava/guava/25.0-jre/guava-25.0-jre.jar:/Users/emrahaykat/.m2/repository/com/google/code/findbugs/jsr305/1.3.9/jsr305-1.3.9.jar:/Users/emrahaykat/.m2/repository/org/checkerframework/checker-compat-qual/2.0.0/checker-compat-qual-2.0.0.jar:/Users/emrahaykat/.m2/repository/com/google/errorprone/error_prone_annotations/2.1.3/error_prone_annotations-2.1.3.jar:/Users/emrahaykat/.m2/repository/com/google/j2objc/j2objc-annotations/1.1/j2objc-annotations-1.1.jar:/Users/emrahaykat/.m2/repository/org/codehaus/mojo/animal-sniffer-annotations/1.14/animal-sniffer-annotations-1.14.jar:/Users/emrahaykat/.m2/repository/com/squareup/okhttp3/okhttp/3.11.0/okhttp-3.11.0.jar:/Users/emrahaykat/.m2/repository/com/squareup/okio/okio/1.14.0/okio-1.14.0.jar:/Users/emrahaykat/.m2/repository/org/testng/testng/6.14.3/testng-6.14.3.jar:/Users/emrahaykat/.m2/repository/com/beust/jcommander/1.72/jcommander-1.72.jar:/Users/emrahaykat/.m2/repository/org/apache-extras/beanshell/bsh/2.0b6/bsh-2.0b6.jar:/Users/emrahaykat/.m2/repository/org/seleniumhq/selenium/selenium-chrome-driver/3.14.0/selenium-chrome-driver-3.14.0.jar:/Users/emrahaykat/.m2/repository/commons-codec/commons-codec/1.10/commons-codec-1.10.jar:/Users/emrahaykat/.m2/repository/commons-logging/commons-logging/1.2/commons-logging-1.2.jar:/Users/emrahaykat/.m2/repository/org/apache/httpcomponents/httpclient/4.5.5/httpclient-4.5.5.jar:/Users/emrahaykat/.m2/repository/org/apache/httpcomponents/httpcore/4.4.9/httpcore-4.4.9.jar:/Users/emrahaykat/.m2/repository/org/seleniumhq/selenium/selenium-remote-driver/3.141.59/selenium-remote-driver-3.141.59.jar:/Users/emrahaykat/.m2/repository/io/magentys/donut/0.0.4/donut-0.0.4.jar:/Users/emrahaykat/.m2/repository/org/scala-lang/scala-library/2.11.7/scala-library-2.11.7.jar:/Users/emrahaykat/.m2/repository/ch/qos/logback/logback-classic/1.1.2/logback-classic-1.1.2.jar:/Users/emrahaykat/.m2/repository/ch/qos/logback/logback-core/1.1.2/logback-core-1.1.2.jar:/Users/emrahaykat/.m2/repository/org/slf4j/slf4j-api/1.7.6/slf4j-api-1.7.6.jar:/Users/emrahaykat/.m2/repository/org/apache/commons/commons-lang3/3.4/commons-lang3-3.4.jar:/Users/emrahaykat/.m2/repository/net/sourceforge/htmlcleaner/htmlcleaner/2.15/htmlcleaner-2.15.jar:/Users/emrahaykat/.m2/repository/org/jdom/jdom2/2.0.5/jdom2-2.0.5.jar:/Users/emrahaykat/.m2/repository/com/github/nscala-time/nscala-time_2.11/1.8.0/nscala-time_2.11-1.8.0.jar:/Users/emrahaykat/.m2/repository/joda-time/joda-time/2.7/joda-time-2.7.jar:/Users/emrahaykat/.m2/repository/org/joda/joda-convert/1.2/joda-convert-1.2.jar:/Users/emrahaykat/.m2/repository/org/json4s/json4s-native_2.11/3.3.0/json4s-native_2.11-3.3.0.jar:/Users/emrahaykat/.m2/repository/org/json4s/json4s-core_2.11/3.3.0/json4s-core_2.11-3.3.0.jar:/Users/emrahaykat/.m2/repository/org/json4s/json4s-ast_2.11/3.3.0/json4s-ast_2.11-3.3.0.jar:/Users/emrahaykat/.m2/repository/org/json4s/json4s-scalap_2.11/3.3.0/json4s-scalap_2.11-3.3.0.jar:/Users/emrahaykat/.m2/repository/com/thoughtworks/paranamer/paranamer/2.8/paranamer-2.8.jar:/Users/emrahaykat/.m2/repository/org/scala-lang/modules/scala-xml_2.11/1.0.5/scala-xml_2.11-1.0.5.jar:/Users/emrahaykat/.m2/repository/org/json4s/json4s-jackson_2.11/3.2.11/json4s-jackson_2.11-3.2.11.jar:/Users/emrahaykat/.m2/repository/com/fasterxml/jackson/core/jackson-databind/2.3.1/jackson-databind-2.3.1.jar:/Users/emrahaykat/.m2/repository/com/fasterxml/jackson/core/jackson-annotations/2.3.0/jackson-annotations-2.3.0.jar:/Users/emrahaykat/.m2/repository/com/fasterxml/jackson/core/jackson-core/2.3.1/jackson-core-2.3.1.jar:/Users/emrahaykat/.m2/repository/com/gilt/handlebars-scala_2.11/2.1.1/handlebars-scala_2.11-2.1.1.jar:/Users/emrahaykat/.m2/repository/org/slf4j/slf4j-simple/1.6.4/slf4j-simple-1.6.4.jar:/Users/emrahaykat/.m2/repository/org/scala-lang/modules/scala-parser-combinators_2.11/1.0.1/scala-parser-combinators_2.11-1.0.1.jar:/Users/emrahaykat/.m2/repository/io/dropwizard/metrics/metrics-core/3.1.2/metrics-core-3.1.2.jar:/Users/emrahaykat/.m2/repository/com/github/scopt/scopt_2.11/3.3.0/scopt_2.11-3.3.0.jar:/Users/emrahaykat/.m2/repository/commons-io/commons-io/2.6/commons-io-2.6.jar:"/>
    <property name="sun.cpu.endian" value="little"/>
    <property name="user.home" value="/Users/emrahaykat"/>
    <property name="user.language" value="en"/>
    <property name="java.specification.vendor" value="Oracle Corporation"/>
    <property name="java.version.date" value="2019-01-15"/>
    <property name="java.home" value="/Library/Java/JavaVirtualMachines/openjdk-11.0.2.jdk/Contents/Home"/>
    <property name="file.separator" value="/"/>
    <property name="basedir" value="/Users/emrahaykat/Desktop/OMS/CITest"/>
    <property name="java.vm.compressedOopsMode" value="Zero based"/>
    <property name="line.separator" value="&#10;"/>
    <property name="java.specification.name" value="Java Platform API Specification"/>
    <property name="java.vm.specification.vendor" value="Oracle Corporation"/>
    <property name="java.awt.graphicsenv" value="sun.awt.CGraphicsEnvironment"/>
    <property name="surefire.real.class.path" value="/Users/emrahaykat/Desktop/OMS/CITest/target/surefire/surefirebooter12204219116887438044.jar"/>
    <property name="sun.management.compiler" value="HotSpot 64-Bit Tiered Compilers"/>
    <property name="ftp.nonProxyHosts" value="local|*.local|169.254/16|*.169.254/16"/>
    <property name="java.runtime.version" value="11.0.2+9"/>
    <property name="user.name" value="emrahaykat"/>
    <property name="path.separator" value=":"/>
    <property name="os.version" value="10.14.2"/>
    <property name="java.runtime.name" value="OpenJDK Runtime Environment"/>
    <property name="file.encoding" value="UTF-8"/>
    <property name="java.vm.name" value="OpenJDK 64-Bit Server VM"/>
    <property name="java.vendor.version" value="18.9"/>
    <property name="localRepository" value="/Users/emrahaykat/.m2/repository"/>
    <property name="java.vendor.url.bug" value="http://bugreport.java.com/bugreport/"/>
    <property name="java.io.tmpdir" value="/var/folders/q6/5bhvqqqx2f52jzvjgwftjknh0000gn/T/"/>
    <property name="java.version" value="11.0.2"/>
    <property name="user.dir" value="/Users/emrahaykat/Desktop/OMS/CITest"/>
    <property name="os.arch" value="x86_64"/>
    <property name="java.vm.specification.name" value="Java Virtual Machine Specification"/>
    <property name="java.awt.printerjob" value="sun.lwawt.macosx.CPrinterJob"/>
    <property name="sun.os.patch.level" value="unknown"/>
    <property name="java.library.path" value="/Users/emrahaykat/Library/Java/Extensions:/Library/Java/Extensions:/Network/Library/Java/Extensions:/System/Library/Java/Extensions:/usr/lib/java:."/>
    <property name="java.vendor" value="Oracle Corporation"/>
    <property name="java.vm.info" value="mixed mode"/>
    <property name="java.vm.version" value="11.0.2+9"/>
    <property name="sun.io.unicode.encoding" value="UnicodeBig"/>
    <property name="java.class.version" value="55.0"/>
    <property name="socksNonProxyHosts" value="local|*.local|169.254/16|*.169.254/16"/>
  </properties>
  <testcase name="CITest1" classname="CITest" time="8.826"/>
</testsuite>