<?xml version="1.0" encoding="UTF-8"?>
<!-- Generated by org.testng.reporters.JUnitReportReporter -->
<testsuite hostname="EMRAHAYKATs-MacBook-Air-4.local" failures="0" tests="1" name="CITest" time="11.536" errors="0" timestamp="06 Sep 2020 21:01:27 GMT" skipped="0">
  <testcase classname="CITest" name="CITest1" time="11.536"/>
</testsuite> <!-- CITest -->
